[+] Containers:
 |- [+] Container: /Game/LowPolyCity/Maps/LowPolyCity_Map
 |   |- [+] ActorDescs:
 |   |   |- Guid:05A4E0484F03FA5B96B2C0BB24BD9712 NativeClass:/Script/Engine.StaticMeshActor Name:StaticMeshActor_UAID_1062E5E5B05A745402_1941440617 Label:SM_Combined SpatiallyLoaded:true EditorBounds:IsValid=true, Min=(X=-8353.632 Y=-1931.457 Z=50.175), Max=(X=-8353.632 Y=-1931.457 Z=50.175) RuntimeBounds:IsValid=true, Min=(X=-8353.632 Y=-1931.457 Z=50.175), Max=(X=-8353.632 Y=-1931.457 Z=50.175) RuntimeGrid:None EditorOnly:false RuntimeOnly:false HLODRelevant:false ListedInSceneOutliner:true IsMainWorldOnly:false
 |   |   |- Guid:05D408334F85D5A48A82D1913972E437 NativeClass:/Script/Engine.StaticMeshActor Name:StaticMeshActor_UAID_1062E5E5B05AE85802_1697332257 Label:SM_Combined_F23778D6 SpatiallyLoaded:true EditorBounds:IsValid=true, Min=(X=-8891.029 Y=756.032 Z=116.078), Max=(X=-8768.971 Y=803.968 Z=183.922) RuntimeBounds:IsValid=true, Min=(X=-8891.029 Y=756.032 Z=116.078), Max=(X=-8768.971 Y=803.968 Z=183.922) RuntimeGrid:None EditorOnly:false RuntimeOnly:false HLODRelevant:true ListedInSceneOutliner:true IsMainWorldOnly:false
 |   |   |- Guid:0D4A7F66447D27761F0C29A515225A83 NativeClass:/Script/Engine.StaticMeshActor Name:StaticMeshActor_UAID_1062E5E5B05A4B5402_1538634475 Label:SM_Combined30 SpatiallyLoaded:true EditorBounds:IsValid=true, Min=(X=-9701.855 Y=-42.142 Z=49.849), Max=(X=-9701.855 Y=-42.142 Z=49.849) RuntimeBounds:IsValid=true, Min=(X=-9701.855 Y=-42.142 Z=49.849), Max=(X=-9701.855 Y=-42.142 Z=49.849) RuntimeGrid:None EditorOnly:false RuntimeOnly:false HLODRelevant:false ListedInSceneOutliner:true IsMainWorldOnly:false
 |   |   |- Guid:1261598A45E25DA8FC5224B66C9DC161 NativeClass:/Script/Engine.StaticMeshActor Name:StaticMeshActor_UAID_1062E5E5B05A745402_1984454622 Label:SM_Cube_020 SpatiallyLoaded:true EditorBounds:IsValid=true, Min=(X=-4999.441 Y=-3645.548 Z=64.601), Max=(X=-4999.441 Y=-3645.548 Z=64.601) RuntimeBounds:IsValid=true, Min=(X=-4999.441 Y=-3645.548 Z=64.601), Max=(X=-4999.441 Y=-3645.548 Z=64.601) RuntimeGrid:None EditorOnly:false RuntimeOnly:false HLODRelevant:false ListedInSceneOutliner:true IsMainWorldOnly:false
 |   |   |- Guid:1D3D26F04B6DC10BEFB5B69E5CF914C8 NativeClass:/Script/Engine.VolumetricCloud Name:VolumetricCloud_UAID_A85E45CFE40401D200_1470381760 Label:VolumetricCloud SpatiallyLoaded:false EditorBounds:IsValid=true, Min=(X=-128.000 Y=-128.000 Z=-128.000), Max=(X=128.000 Y=128.000 Z=128.000) RuntimeBounds:IsValid=true, Min=(X=0.000 Y=0.000 Z=0.000), Max=(X=0.000 Y=0.000 Z=0.000) RuntimeGrid:None EditorOnly:false RuntimeOnly:false HLODRelevant:false ListedInSceneOutliner:true IsMainWorldOnly:false FolderPath:Lighting FolderGuid:B7E9BD5B45A652654791988DEF54CCEB
 |   |   |- Guid:1DE8D7AC4103A2EABA11649C7FCF8ACA NativeClass:/Script/Engine.SkyLight Name:SkyLight_UAID_A85E45CFE40401D200_1470380759 Label:SkyLight SpatiallyLoaded:false EditorBounds:IsValid=true, Min=(X=-1.000 Y=-1.000 Z=-1.000), Max=(X=1.000 Y=1.000 Z=1.000) RuntimeBounds:IsValid=true, Min=(X=0.000 Y=0.000 Z=0.000), Max=(X=0.000 Y=0.000 Z=0.000) RuntimeGrid:None EditorOnly:false RuntimeOnly:false HLODRelevant:false ListedInSceneOutliner:true IsMainWorldOnly:false FolderPath:Lighting FolderGuid:B7E9BD5B45A652654791988DEF54CCEB
 |   |   |- Guid:218E3B124735712D7EF272B4FB8E7FF6 NativeClass:/Script/Landscape.Landscape Name:Landscape_UAID_A85E45CFE404FBD100_1221515703 Label:Landscape SpatiallyLoaded:false EditorBounds:IsValid=true, Min=(X=-100800.000 Y=-100800.000 Z=100.000), Max=(X=-100800.000 Y=-100800.000 Z=100.000) RuntimeBounds:IsValid=true, Min=(X=-100800.000 Y=-100800.000 Z=100.000), Max=(X=-100800.000 Y=-100800.000 Z=100.000) RuntimeGrid:None EditorOnly:false RuntimeOnly:false HLODRelevant:false ListedInSceneOutliner:true IsMainWorldOnly:false
 |   |   |- Guid:2CE12F874AA39D020A0F4BA5739BD305 NativeClass:/Script/Engine.SkyAtmosphere Name:SkyAtmosphere_UAID_A85E45CFE40401D200_1470382762 Label:SkyAtmosphere SpatiallyLoaded:false EditorBounds:IsValid=true, Min=(X=-128.000 Y=-128.000 Z=-128.000), Max=(X=240.000 Y=128.000 Z=128.000) RuntimeBounds:IsValid=true, Min=(X=0.000 Y=0.000 Z=0.000), Max=(X=0.000 Y=0.000 Z=0.000) RuntimeGrid:None EditorOnly:false RuntimeOnly:false HLODRelevant:false ListedInSceneOutliner:true IsMainWorldOnly:false FolderPath:Lighting FolderGuid:B7E9BD5B45A652654791988DEF54CCEB
 |   |   |- Guid:2CF77D24432E42885E2F02980AB17BC5 NativeClass:/Script/Engine.PostProcessVolume Name:PostProcessVolume_UAID_1062E5E5B05A8B4F02_1879515391 Label:PostProcessVolume SpatiallyLoaded:true EditorBounds:IsValid=true, Min=(X=-11364.813 Y=-3811.358 Z=-2544.936), Max=(X=-5918.843 Y=1634.613 Z=2901.035) RuntimeBounds:IsValid=true, Min=(X=-11364.813 Y=-3811.358 Z=-2544.936), Max=(X=-5918.843 Y=1634.613 Z=2901.035) RuntimeGrid:None EditorOnly:false RuntimeOnly:false HLODRelevant:false ListedInSceneOutliner:true IsMainWorldOnly:false
 |   |   |- Guid:3666D28248974973EAE484B2AEDEF777 NativeClass:/Script/Engine.StaticMeshActor Name:StaticMeshActor_UAID_1062E5E5B05AF24E02_1441550799 Label:SM_Cylinder_015 SpatiallyLoaded:true EditorBounds:IsValid=true, Min=(X=-8878.778 Y=-1246.270 Z=45.980), Max=(X=-8836.692 Y=-1204.183 Z=208.856) RuntimeBounds:IsValid=true, Min=(X=-8878.778 Y=-1246.270 Z=45.980), Max=(X=-8836.692 Y=-1204.183 Z=208.856) RuntimeGrid:None EditorOnly:false RuntimeOnly:false HLODRelevant:true ListedInSceneOutliner:true IsMainWorldOnly:false
 |   |   |- Guid:48D609F545A5C78CA3D1B3B672513393 NativeClass:/Script/Engine.StaticMeshActor Name:StaticMeshActor_UAID_1062E5E5B05A6D5402_1885543383 Label:SM_Combined56 SpatiallyLoaded:true EditorBounds:IsValid=true, Min=(X=-8350.000 Y=-1930.000 Z=50.000), Max=(X=-8350.000 Y=-1930.000 Z=50.000) RuntimeBounds:IsValid=true, Min=(X=-8350.000 Y=-1930.000 Z=50.000), Max=(X=-8350.000 Y=-1930.000 Z=50.000) RuntimeGrid:None EditorOnly:false RuntimeOnly:false HLODRelevant:false ListedInSceneOutliner:true IsMainWorldOnly:false
 |   |   |- Guid:5368FABB47D6D9580DAECA8B0417BF92 NativeClass:/Script/Engine.WorldDataLayers Name:WorldDataLayers Label:WorldDataLayers-1 SpatiallyLoaded:false EditorBounds:IsValid=false, Min=(X=0.000 Y=0.000 Z=0.000), Max=(X=0.000 Y=0.000 Z=0.000) RuntimeBounds:IsValid=false, Min=(X=0.000 Y=0.000 Z=0.000), Max=(X=0.000 Y=0.000 Z=0.000) RuntimeGrid:None EditorOnly:false RuntimeOnly:false HLODRelevant:false ListedInSceneOutliner:true IsMainWorldOnly:true
 |   |   |- Guid:645703554BB544C18B527AACD69BAC7E NativeClass:/Script/Engine.StaticMeshActor Name:StaticMeshActor_UAID_1062E5E5B05A315402_1331870826 Label:SM_Combined112 SpatiallyLoaded:true EditorBounds:IsValid=true, Min=(X=-8641.862 Y=-1516.615 Z=49.916), Max=(X=-8386.080 Y=-1116.463 Z=91.139) RuntimeBounds:IsValid=true, Min=(X=-8641.862 Y=-1516.615 Z=49.916), Max=(X=-8386.080 Y=-1116.463 Z=91.139) RuntimeGrid:None EditorOnly:false RuntimeOnly:false HLODRelevant:true ListedInSceneOutliner:true IsMainWorldOnly:false
 |   |   |- Guid:70CA348F41B2E67BC6F0048A961335C4 NativeClass:/Script/Engine.StaticMeshActor Name:StaticMeshActor_UAID_1062E5E5B05AE85802_1697346260 Label:SM_Cylinder_16 SpatiallyLoaded:true EditorBounds:IsValid=true, Min=(X=-8938.476 Y=1010.025 Z=-113.154), Max=(X=-8896.389 Y=1052.111 Z=49.723) RuntimeBounds:IsValid=true, Min=(X=-8938.476 Y=1010.025 Z=-113.154), Max=(X=-8896.389 Y=1052.111 Z=49.723) RuntimeGrid:None EditorOnly:false RuntimeOnly:false HLODRelevant:true ListedInSceneOutliner:true IsMainWorldOnly:false
 |   |   |- Guid:73593E0749A881FEE7C322A1E0CD5EEF NativeClass:/Script/Engine.StaticMeshActor Name:StaticMeshActor_UAID_1062E5E5B05A6E5402_1237474560 Label:SM_Combined58 SpatiallyLoaded:true EditorBounds:IsValid=true, Min=(X=-8350.000 Y=-1930.000 Z=50.000), Max=(X=-8350.000 Y=-1930.000 Z=50.000) RuntimeBounds:IsValid=true, Min=(X=-8350.000 Y=-1930.000 Z=50.000), Max=(X=-8350.000 Y=-1930.000 Z=50.000) RuntimeGrid:None EditorOnly:false RuntimeOnly:false HLODRelevant:false ListedInSceneOutliner:true IsMainWorldOnly:false
 |   |   |- Guid:83B175B746BB52ADA026408EC468CA26 NativeClass:/Script/Engine.StaticMeshActor Name:StaticMeshActor_UAID_1062E5E5B05AF24E02_1444665074 Label:SM_Cube_023 SpatiallyLoaded:true EditorBounds:IsValid=true, Min=(X=-10155.377 Y=-1642.502 Z=118.417), Max=(X=-10155.377 Y=-1642.502 Z=118.417) RuntimeBounds:IsValid=true, Min=(X=-10155.377 Y=-1642.502 Z=118.417), Max=(X=-10155.377 Y=-1642.502 Z=118.417) RuntimeGrid:None EditorOnly:false RuntimeOnly:false HLODRelevant:false ListedInSceneOutliner:true IsMainWorldOnly:false
 |   |   |- Guid:86010D26415F80FB3699D4889331F433 NativeClass:/Script/Engine.StaticMeshActor Name:StaticMeshActor_UAID_1062E5E5B05A4E5402_2107789009 Label:SM_Combined49 SpatiallyLoaded:true EditorBounds:IsValid=true, Min=(X=-8350.000 Y=-1930.000 Z=50.000), Max=(X=-8350.000 Y=-1930.000 Z=50.000) RuntimeBounds:IsValid=true, Min=(X=-8350.000 Y=-1930.000 Z=50.000), Max=(X=-8350.000 Y=-1930.000 Z=50.000) RuntimeGrid:None EditorOnly:false RuntimeOnly:false HLODRelevant:false ListedInSceneOutliner:true IsMainWorldOnly:false
 |   |   |- Guid:87FED90F4C2A78747DF4E2AC82603FA2 NativeClass:/Script/Engine.StaticMeshActor Name:StaticMeshActor_UAID_1062E5E5B05AE85802_1697350261 Label:SM_Object_1207_5 SpatiallyLoaded:true EditorBounds:IsValid=true, Min=(X=-8703.673 Y=515.549 Z=134.692), Max=(X=-8616.327 Y=604.451 Z=165.308) RuntimeBounds:IsValid=true, Min=(X=-8703.673 Y=515.549 Z=134.692), Max=(X=-8616.327 Y=604.451 Z=165.308) RuntimeGrid:None EditorOnly:false RuntimeOnly:false HLODRelevant:true ListedInSceneOutliner:true IsMainWorldOnly:false
 |   |   |- Guid:89A4B71448A6B1A0F4BB1587FA47DAC2 NativeClass:/Script/Engine.StaticMeshActor Name:StaticMeshActor_UAID_1062E5E5B05AE85802_1697342259 Label:SM_Combined_SM_CBD8F563 SpatiallyLoaded:true EditorBounds:IsValid=true, Min=(X=-8626.006 Y=695.691 Z=87.402), Max=(X=-8533.994 Y=864.309 Z=212.598) RuntimeBounds:IsValid=true, Min=(X=-8626.006 Y=695.691 Z=87.402), Max=(X=-8533.994 Y=864.309 Z=212.598) RuntimeGrid:None EditorOnly:false RuntimeOnly:false HLODRelevant:true ListedInSceneOutliner:true IsMainWorldOnly:false
 |   |   |- Guid:8A3E192346C88DB17BCD6EADB1B9830F NativeClass:/Script/Engine.StaticMeshActor Name:StaticMeshActor_UAID_1062E5E5B05AE85802_1697336258 Label:SM_Combined_SM_C453F0D6 SpatiallyLoaded:true EditorBounds:IsValid=true, Min=(X=-8884.958 Y=435.668 Z=123.422), Max=(X=-8775.042 Y=604.332 Z=176.578) RuntimeBounds:IsValid=true, Min=(X=-8884.958 Y=435.668 Z=123.422), Max=(X=-8775.042 Y=604.332 Z=176.578) RuntimeGrid:None EditorOnly:false RuntimeOnly:false HLODRelevant:true ListedInSceneOutliner:true IsMainWorldOnly:false
 |   |   |- Guid:95B7353F4BD3FD20E6B2F7A48AE5A87F NativeClass:/Script/Engine.StaticMeshActor Name:StaticMeshActor_UAID_1062E5E5B05AE85802_1697326256 Label:SM_Combined_8838F953 SpatiallyLoaded:true EditorBounds:IsValid=true, Min=(X=-9187.891 Y=579.924 Z=129.389), Max=(X=-8932.109 Y=980.076 Z=170.611) RuntimeBounds:IsValid=true, Min=(X=-9187.891 Y=579.924 Z=129.389), Max=(X=-8932.109 Y=980.076 Z=170.611) RuntimeGrid:None EditorOnly:false RuntimeOnly:false HLODRelevant:true ListedInSceneOutliner:true IsMainWorldOnly:false
 |   |   |- Guid:A2093D6E45877C50F381E9B522445F80 NativeClass:/Script/Engine.StaticMeshActor Name:StaticMeshActor_UAID_1062E5E5B05A315402_1370472827 Label:SM_Combined113 SpatiallyLoaded:true EditorBounds:IsValid=true, Min=(X=-8660.360 Y=-1424.644 Z=50.000), Max=(X=-8612.423 Y=-1302.587 Z=117.844) RuntimeBounds:IsValid=true, Min=(X=-8660.360 Y=-1424.644 Z=50.000), Max=(X=-8612.423 Y=-1302.587 Z=117.844) RuntimeGrid:None EditorOnly:false RuntimeOnly:false HLODRelevant:true ListedInSceneOutliner:true IsMainWorldOnly:false
 |   |   |- Guid:A7F7A21B40F8E91E3168D481103CB517 NativeClass:/Script/Engine.StaticMeshActor Name:StaticMeshActor_UAID_1062E5E5B05AF24E02_1387274007 Label:SM_Object_1207_004 SpatiallyLoaded:true EditorBounds:IsValid=true, Min=(X=-8790.831 Y=-1330.751 Z=50.000), Max=(X=-8703.485 Y=-1241.848 Z=80.615) RuntimeBounds:IsValid=true, Min=(X=-8790.831 Y=-1330.751 Z=50.000), Max=(X=-8703.485 Y=-1241.848 Z=80.615) RuntimeGrid:None EditorOnly:false RuntimeOnly:false HLODRelevant:true ListedInSceneOutliner:true IsMainWorldOnly:false
 |   |   |- Guid:AAAC6B5742760A58C2206DB37E44683C NativeClass:/Script/Engine.DirectionalLight Name:DirectionalLight_UAID_A85E45CFE40401D200_1470382761 Label:DirectionalLight SpatiallyLoaded:false EditorBounds:IsValid=false, Min=(X=0.000 Y=0.000 Z=0.000), Max=(X=0.000 Y=0.000 Z=0.000) RuntimeBounds:IsValid=false, Min=(X=0.000 Y=0.000 Z=0.000), Max=(X=0.000 Y=0.000 Z=0.000) RuntimeGrid:None EditorOnly:false RuntimeOnly:false HLODRelevant:false ListedInSceneOutliner:true IsMainWorldOnly:true FolderPath:Lighting FolderGuid:B7E9BD5B45A652654791988DEF54CCEB
 |   |   |- Guid:AD80B85A4B64B001830D27BD8F91B7A5 NativeClass:/Script/Engine.StaticMeshActor Name:StaticMeshActor_UAID_1062E5E5B05A315402_1435377832 Label:SM_Combined118 SpatiallyLoaded:true EditorBounds:IsValid=true, Min=(X=-8714.959 Y=-1655.115 Z=50.000), Max=(X=-8605.042 Y=-1486.450 Z=103.156) RuntimeBounds:IsValid=true, Min=(X=-8714.959 Y=-1655.115 Z=50.000), Max=(X=-8605.042 Y=-1486.450 Z=103.156) RuntimeGrid:None EditorOnly:false RuntimeOnly:false HLODRelevant:true ListedInSceneOutliner:true IsMainWorldOnly:false
 |   |   |- Guid:C118AA51454B30DB54934C9E0BBE34CF NativeClass:/Script/Engine.StaticMeshActor Name:StaticMeshActor_UAID_1062E5E5B05AE85802_1697316255 Label:SM_Combined_2954ED39 SpatiallyLoaded:true EditorBounds:IsValid=true, Min=(X=-8886.894 Y=877.555 Z=129.944), Max=(X=-8773.106 Y=922.445 Z=170.056) RuntimeBounds:IsValid=true, Min=(X=-8886.894 Y=877.555 Z=129.944), Max=(X=-8773.106 Y=922.445 Z=170.056) RuntimeGrid:None EditorOnly:false RuntimeOnly:false HLODRelevant:true ListedInSceneOutliner:true IsMainWorldOnly:false
 |   |   |- Guid:D3FB7383421AAEFD3DB6F8B1E415A9FE NativeClass:/Script/Engine.ExponentialHeightFog Name:ExponentialHeightFog_UAID_A85E45CFE40401D200_1470382763 Label:ExponentialHeightFog SpatiallyLoaded:false EditorBounds:IsValid=true, Min=(X=-16209.913 Y=-178.000 Z=-6978.000), Max=(X=-15953.913 Y=78.000 Z=-6722.000) RuntimeBounds:IsValid=true, Min=(X=-16081.913 Y=-50.000 Z=-6850.000), Max=(X=-16081.913 Y=-50.000 Z=-6850.000) RuntimeGrid:None EditorOnly:false RuntimeOnly:false HLODRelevant:false ListedInSceneOutliner:true IsMainWorldOnly:false FolderPath:Lighting FolderGuid:B7E9BD5B45A652654791988DEF54CCEB
 |   |   |- Guid:FB22D6954B5BBEFD6661749F17366F19 NativeClass:/Script/Engine.StaticMeshActor Name:StaticMeshActor_UAID_1062E5E5B05A315402_1384475828 Label:SM_Combined114 SpatiallyLoaded:true EditorBounds:IsValid=true, Min=(X=-8942.897 Y=-1507.020 Z=50.000), Max=(X=-8774.280 Y=-1415.008 Z=175.197) RuntimeBounds:IsValid=true, Min=(X=-8942.897 Y=-1507.020 Z=50.000), Max=(X=-8774.280 Y=-1415.008 Z=175.197) RuntimeGrid:None EditorOnly:false RuntimeOnly:false HLODRelevant:true ListedInSceneOutliner:true IsMainWorldOnly:false
 |   |   |- Guid:FF3FE31D4DC5513A3D9DD395F65BF36E NativeClass:/Script/Engine.StaticMeshActor Name:StaticMeshActor_UAID_1062E5E5B05A315402_1406592830 Label:SM_Combined116 SpatiallyLoaded:true EditorBounds:IsValid=true, Min=(X=-8727.281 Y=-1162.430 Z=50.000), Max=(X=-8682.391 Y=-1048.642 Z=90.112) RuntimeBounds:IsValid=true, Min=(X=-8727.281 Y=-1162.430 Z=50.000), Max=(X=-8682.391 Y=-1048.642 Z=90.112) RuntimeGrid:None EditorOnly:false RuntimeOnly:false HLODRelevant:true ListedInSceneOutliner:true IsMainWorldOnly:false
 |   |- [+] Clusters:
 |   |   |- [+] [  0]
 |   |   |   |- Guid:05A4E0484F03FA5B96B2C0BB24BD9712 NativeClass:/Script/Engine.StaticMeshActor Name:StaticMeshActor_UAID_1062E5E5B05A745402_1941440617 Label:SM_Combined SpatiallyLoaded:true EditorBounds:IsValid=true, Min=(X=-8353.632 Y=-1931.457 Z=50.175), Max=(X=-8353.632 Y=-1931.457 Z=50.175) RuntimeBounds:IsValid=true, Min=(X=-8353.632 Y=-1931.457 Z=50.175), Max=(X=-8353.632 Y=-1931.457 Z=50.175) RuntimeGrid:None EditorOnly:false RuntimeOnly:false HLODRelevant:false ListedInSceneOutliner:true IsMainWorldOnly:false
 |   |   |- [+] [  1]
 |   |   |   |- Guid:05D408334F85D5A48A82D1913972E437 NativeClass:/Script/Engine.StaticMeshActor Name:StaticMeshActor_UAID_1062E5E5B05AE85802_1697332257 Label:SM_Combined_F23778D6 SpatiallyLoaded:true EditorBounds:IsValid=true, Min=(X=-8891.029 Y=756.032 Z=116.078), Max=(X=-8768.971 Y=803.968 Z=183.922) RuntimeBounds:IsValid=true, Min=(X=-8891.029 Y=756.032 Z=116.078), Max=(X=-8768.971 Y=803.968 Z=183.922) RuntimeGrid:None EditorOnly:false RuntimeOnly:false HLODRelevant:true ListedInSceneOutliner:true IsMainWorldOnly:false
 |   |   |- [+] [  2]
 |   |   |   |- Guid:0D4A7F66447D27761F0C29A515225A83 NativeClass:/Script/Engine.StaticMeshActor Name:StaticMeshActor_UAID_1062E5E5B05A4B5402_1538634475 Label:SM_Combined30 SpatiallyLoaded:true EditorBounds:IsValid=true, Min=(X=-9701.855 Y=-42.142 Z=49.849), Max=(X=-9701.855 Y=-42.142 Z=49.849) RuntimeBounds:IsValid=true, Min=(X=-9701.855 Y=-42.142 Z=49.849), Max=(X=-9701.855 Y=-42.142 Z=49.849) RuntimeGrid:None EditorOnly:false RuntimeOnly:false HLODRelevant:false ListedInSceneOutliner:true IsMainWorldOnly:false
 |   |   |- [+] [  3]
 |   |   |   |- Guid:1261598A45E25DA8FC5224B66C9DC161 NativeClass:/Script/Engine.StaticMeshActor Name:StaticMeshActor_UAID_1062E5E5B05A745402_1984454622 Label:SM_Cube_020 SpatiallyLoaded:true EditorBounds:IsValid=true, Min=(X=-4999.441 Y=-3645.548 Z=64.601), Max=(X=-4999.441 Y=-3645.548 Z=64.601) RuntimeBounds:IsValid=true, Min=(X=-4999.441 Y=-3645.548 Z=64.601), Max=(X=-4999.441 Y=-3645.548 Z=64.601) RuntimeGrid:None EditorOnly:false RuntimeOnly:false HLODRelevant:false ListedInSceneOutliner:true IsMainWorldOnly:false
 |   |   |- [+] [  4]
 |   |   |   |- Guid:1D3D26F04B6DC10BEFB5B69E5CF914C8 NativeClass:/Script/Engine.VolumetricCloud Name:VolumetricCloud_UAID_A85E45CFE40401D200_1470381760 Label:VolumetricCloud SpatiallyLoaded:false EditorBounds:IsValid=true, Min=(X=-128.000 Y=-128.000 Z=-128.000), Max=(X=128.000 Y=128.000 Z=128.000) RuntimeBounds:IsValid=true, Min=(X=0.000 Y=0.000 Z=0.000), Max=(X=0.000 Y=0.000 Z=0.000) RuntimeGrid:None EditorOnly:false RuntimeOnly:false HLODRelevant:false ListedInSceneOutliner:true IsMainWorldOnly:false FolderPath:Lighting FolderGuid:B7E9BD5B45A652654791988DEF54CCEB
 |   |   |- [+] [  5]
 |   |   |   |- Guid:1DE8D7AC4103A2EABA11649C7FCF8ACA NativeClass:/Script/Engine.SkyLight Name:SkyLight_UAID_A85E45CFE40401D200_1470380759 Label:SkyLight SpatiallyLoaded:false EditorBounds:IsValid=true, Min=(X=-1.000 Y=-1.000 Z=-1.000), Max=(X=1.000 Y=1.000 Z=1.000) RuntimeBounds:IsValid=true, Min=(X=0.000 Y=0.000 Z=0.000), Max=(X=0.000 Y=0.000 Z=0.000) RuntimeGrid:None EditorOnly:false RuntimeOnly:false HLODRelevant:false ListedInSceneOutliner:true IsMainWorldOnly:false FolderPath:Lighting FolderGuid:B7E9BD5B45A652654791988DEF54CCEB
 |   |   |- [+] [  6]
 |   |   |   |- Guid:218E3B124735712D7EF272B4FB8E7FF6 NativeClass:/Script/Landscape.Landscape Name:Landscape_UAID_A85E45CFE404FBD100_1221515703 Label:Landscape SpatiallyLoaded:false EditorBounds:IsValid=true, Min=(X=-100800.000 Y=-100800.000 Z=100.000), Max=(X=-100800.000 Y=-100800.000 Z=100.000) RuntimeBounds:IsValid=true, Min=(X=-100800.000 Y=-100800.000 Z=100.000), Max=(X=-100800.000 Y=-100800.000 Z=100.000) RuntimeGrid:None EditorOnly:false RuntimeOnly:false HLODRelevant:false ListedInSceneOutliner:true IsMainWorldOnly:false
 |   |   |- [+] [  7]
 |   |   |   |- Guid:2CE12F874AA39D020A0F4BA5739BD305 NativeClass:/Script/Engine.SkyAtmosphere Name:SkyAtmosphere_UAID_A85E45CFE40401D200_1470382762 Label:SkyAtmosphere SpatiallyLoaded:false EditorBounds:IsValid=true, Min=(X=-128.000 Y=-128.000 Z=-128.000), Max=(X=240.000 Y=128.000 Z=128.000) RuntimeBounds:IsValid=true, Min=(X=0.000 Y=0.000 Z=0.000), Max=(X=0.000 Y=0.000 Z=0.000) RuntimeGrid:None EditorOnly:false RuntimeOnly:false HLODRelevant:false ListedInSceneOutliner:true IsMainWorldOnly:false FolderPath:Lighting FolderGuid:B7E9BD5B45A652654791988DEF54CCEB
 |   |   |- [+] [  8]
 |   |   |   |- Guid:2CF77D24432E42885E2F02980AB17BC5 NativeClass:/Script/Engine.PostProcessVolume Name:PostProcessVolume_UAID_1062E5E5B05A8B4F02_1879515391 Label:PostProcessVolume SpatiallyLoaded:true EditorBounds:IsValid=true, Min=(X=-11364.813 Y=-3811.358 Z=-2544.936), Max=(X=-5918.843 Y=1634.613 Z=2901.035) RuntimeBounds:IsValid=true, Min=(X=-11364.813 Y=-3811.358 Z=-2544.936), Max=(X=-5918.843 Y=1634.613 Z=2901.035) RuntimeGrid:None EditorOnly:false RuntimeOnly:false HLODRelevant:false ListedInSceneOutliner:true IsMainWorldOnly:false
 |   |   |- [+] [  9]
 |   |   |   |- Guid:3666D28248974973EAE484B2AEDEF777 NativeClass:/Script/Engine.StaticMeshActor Name:StaticMeshActor_UAID_1062E5E5B05AF24E02_1441550799 Label:SM_Cylinder_015 SpatiallyLoaded:true EditorBounds:IsValid=true, Min=(X=-8878.778 Y=-1246.270 Z=45.980), Max=(X=-8836.692 Y=-1204.183 Z=208.856) RuntimeBounds:IsValid=true, Min=(X=-8878.778 Y=-1246.270 Z=45.980), Max=(X=-8836.692 Y=-1204.183 Z=208.856) RuntimeGrid:None EditorOnly:false RuntimeOnly:false HLODRelevant:true ListedInSceneOutliner:true IsMainWorldOnly:false
 |   |   |- [+] [ 10]
 |   |   |   |- Guid:48D609F545A5C78CA3D1B3B672513393 NativeClass:/Script/Engine.StaticMeshActor Name:StaticMeshActor_UAID_1062E5E5B05A6D5402_1885543383 Label:SM_Combined56 SpatiallyLoaded:true EditorBounds:IsValid=true, Min=(X=-8350.000 Y=-1930.000 Z=50.000), Max=(X=-8350.000 Y=-1930.000 Z=50.000) RuntimeBounds:IsValid=true, Min=(X=-8350.000 Y=-1930.000 Z=50.000), Max=(X=-8350.000 Y=-1930.000 Z=50.000) RuntimeGrid:None EditorOnly:false RuntimeOnly:false HLODRelevant:false ListedInSceneOutliner:true IsMainWorldOnly:false
 |   |   |- [+] [ 11]
 |   |   |   |- Guid:5368FABB47D6D9580DAECA8B0417BF92 NativeClass:/Script/Engine.WorldDataLayers Name:WorldDataLayers Label:WorldDataLayers-1 SpatiallyLoaded:false EditorBounds:IsValid=false, Min=(X=0.000 Y=0.000 Z=0.000), Max=(X=0.000 Y=0.000 Z=0.000) RuntimeBounds:IsValid=false, Min=(X=0.000 Y=0.000 Z=0.000), Max=(X=0.000 Y=0.000 Z=0.000) RuntimeGrid:None EditorOnly:false RuntimeOnly:false HLODRelevant:false ListedInSceneOutliner:true IsMainWorldOnly:true
 |   |   |- [+] [ 12]
 |   |   |   |- Guid:645703554BB544C18B527AACD69BAC7E NativeClass:/Script/Engine.StaticMeshActor Name:StaticMeshActor_UAID_1062E5E5B05A315402_1331870826 Label:SM_Combined112 SpatiallyLoaded:true EditorBounds:IsValid=true, Min=(X=-8641.862 Y=-1516.615 Z=49.916), Max=(X=-8386.080 Y=-1116.463 Z=91.139) RuntimeBounds:IsValid=true, Min=(X=-8641.862 Y=-1516.615 Z=49.916), Max=(X=-8386.080 Y=-1116.463 Z=91.139) RuntimeGrid:None EditorOnly:false RuntimeOnly:false HLODRelevant:true ListedInSceneOutliner:true IsMainWorldOnly:false
 |   |   |- [+] [ 13]
 |   |   |   |- Guid:70CA348F41B2E67BC6F0048A961335C4 NativeClass:/Script/Engine.StaticMeshActor Name:StaticMeshActor_UAID_1062E5E5B05AE85802_1697346260 Label:SM_Cylinder_16 SpatiallyLoaded:true EditorBounds:IsValid=true, Min=(X=-8938.476 Y=1010.025 Z=-113.154), Max=(X=-8896.389 Y=1052.111 Z=49.723) RuntimeBounds:IsValid=true, Min=(X=-8938.476 Y=1010.025 Z=-113.154), Max=(X=-8896.389 Y=1052.111 Z=49.723) RuntimeGrid:None EditorOnly:false RuntimeOnly:false HLODRelevant:true ListedInSceneOutliner:true IsMainWorldOnly:false
 |   |   |- [+] [ 14]
 |   |   |   |- Guid:73593E0749A881FEE7C322A1E0CD5EEF NativeClass:/Script/Engine.StaticMeshActor Name:StaticMeshActor_UAID_1062E5E5B05A6E5402_1237474560 Label:SM_Combined58 SpatiallyLoaded:true EditorBounds:IsValid=true, Min=(X=-8350.000 Y=-1930.000 Z=50.000), Max=(X=-8350.000 Y=-1930.000 Z=50.000) RuntimeBounds:IsValid=true, Min=(X=-8350.000 Y=-1930.000 Z=50.000), Max=(X=-8350.000 Y=-1930.000 Z=50.000) RuntimeGrid:None EditorOnly:false RuntimeOnly:false HLODRelevant:false ListedInSceneOutliner:true IsMainWorldOnly:false
 |   |   |- [+] [ 15]
 |   |   |   |- Guid:83B175B746BB52ADA026408EC468CA26 NativeClass:/Script/Engine.StaticMeshActor Name:StaticMeshActor_UAID_1062E5E5B05AF24E02_1444665074 Label:SM_Cube_023 SpatiallyLoaded:true EditorBounds:IsValid=true, Min=(X=-10155.377 Y=-1642.502 Z=118.417), Max=(X=-10155.377 Y=-1642.502 Z=118.417) RuntimeBounds:IsValid=true, Min=(X=-10155.377 Y=-1642.502 Z=118.417), Max=(X=-10155.377 Y=-1642.502 Z=118.417) RuntimeGrid:None EditorOnly:false RuntimeOnly:false HLODRelevant:false ListedInSceneOutliner:true IsMainWorldOnly:false
 |   |   |- [+] [ 16]
 |   |   |   |- Guid:86010D26415F80FB3699D4889331F433 NativeClass:/Script/Engine.StaticMeshActor Name:StaticMeshActor_UAID_1062E5E5B05A4E5402_2107789009 Label:SM_Combined49 SpatiallyLoaded:true EditorBounds:IsValid=true, Min=(X=-8350.000 Y=-1930.000 Z=50.000), Max=(X=-8350.000 Y=-1930.000 Z=50.000) RuntimeBounds:IsValid=true, Min=(X=-8350.000 Y=-1930.000 Z=50.000), Max=(X=-8350.000 Y=-1930.000 Z=50.000) RuntimeGrid:None EditorOnly:false RuntimeOnly:false HLODRelevant:false ListedInSceneOutliner:true IsMainWorldOnly:false
 |   |   |- [+] [ 17]
 |   |   |   |- Guid:87FED90F4C2A78747DF4E2AC82603FA2 NativeClass:/Script/Engine.StaticMeshActor Name:StaticMeshActor_UAID_1062E5E5B05AE85802_1697350261 Label:SM_Object_1207_5 SpatiallyLoaded:true EditorBounds:IsValid=true, Min=(X=-8703.673 Y=515.549 Z=134.692), Max=(X=-8616.327 Y=604.451 Z=165.308) RuntimeBounds:IsValid=true, Min=(X=-8703.673 Y=515.549 Z=134.692), Max=(X=-8616.327 Y=604.451 Z=165.308) RuntimeGrid:None EditorOnly:false RuntimeOnly:false HLODRelevant:true ListedInSceneOutliner:true IsMainWorldOnly:false
 |   |   |- [+] [ 18]
 |   |   |   |- Guid:89A4B71448A6B1A0F4BB1587FA47DAC2 NativeClass:/Script/Engine.StaticMeshActor Name:StaticMeshActor_UAID_1062E5E5B05AE85802_1697342259 Label:SM_Combined_SM_CBD8F563 SpatiallyLoaded:true EditorBounds:IsValid=true, Min=(X=-8626.006 Y=695.691 Z=87.402), Max=(X=-8533.994 Y=864.309 Z=212.598) RuntimeBounds:IsValid=true, Min=(X=-8626.006 Y=695.691 Z=87.402), Max=(X=-8533.994 Y=864.309 Z=212.598) RuntimeGrid:None EditorOnly:false RuntimeOnly:false HLODRelevant:true ListedInSceneOutliner:true IsMainWorldOnly:false
 |   |   |- [+] [ 19]
 |   |   |   |- Guid:8A3E192346C88DB17BCD6EADB1B9830F NativeClass:/Script/Engine.StaticMeshActor Name:StaticMeshActor_UAID_1062E5E5B05AE85802_1697336258 Label:SM_Combined_SM_C453F0D6 SpatiallyLoaded:true EditorBounds:IsValid=true, Min=(X=-8884.958 Y=435.668 Z=123.422), Max=(X=-8775.042 Y=604.332 Z=176.578) RuntimeBounds:IsValid=true, Min=(X=-8884.958 Y=435.668 Z=123.422), Max=(X=-8775.042 Y=604.332 Z=176.578) RuntimeGrid:None EditorOnly:false RuntimeOnly:false HLODRelevant:true ListedInSceneOutliner:true IsMainWorldOnly:false
 |   |   |- [+] [ 20]
 |   |   |   |- Guid:95B7353F4BD3FD20E6B2F7A48AE5A87F NativeClass:/Script/Engine.StaticMeshActor Name:StaticMeshActor_UAID_1062E5E5B05AE85802_1697326256 Label:SM_Combined_8838F953 SpatiallyLoaded:true EditorBounds:IsValid=true, Min=(X=-9187.891 Y=579.924 Z=129.389), Max=(X=-8932.109 Y=980.076 Z=170.611) RuntimeBounds:IsValid=true, Min=(X=-9187.891 Y=579.924 Z=129.389), Max=(X=-8932.109 Y=980.076 Z=170.611) RuntimeGrid:None EditorOnly:false RuntimeOnly:false HLODRelevant:true ListedInSceneOutliner:true IsMainWorldOnly:false
 |   |   |- [+] [ 21]
 |   |   |   |- Guid:A2093D6E45877C50F381E9B522445F80 NativeClass:/Script/Engine.StaticMeshActor Name:StaticMeshActor_UAID_1062E5E5B05A315402_1370472827 Label:SM_Combined113 SpatiallyLoaded:true EditorBounds:IsValid=true, Min=(X=-8660.360 Y=-1424.644 Z=50.000), Max=(X=-8612.423 Y=-1302.587 Z=117.844) RuntimeBounds:IsValid=true, Min=(X=-8660.360 Y=-1424.644 Z=50.000), Max=(X=-8612.423 Y=-1302.587 Z=117.844) RuntimeGrid:None EditorOnly:false RuntimeOnly:false HLODRelevant:true ListedInSceneOutliner:true IsMainWorldOnly:false
 |   |   |- [+] [ 22]
 |   |   |   |- Guid:A7F7A21B40F8E91E3168D481103CB517 NativeClass:/Script/Engine.StaticMeshActor Name:StaticMeshActor_UAID_1062E5E5B05AF24E02_1387274007 Label:SM_Object_1207_004 SpatiallyLoaded:true EditorBounds:IsValid=true, Min=(X=-8790.831 Y=-1330.751 Z=50.000), Max=(X=-8703.485 Y=-1241.848 Z=80.615) RuntimeBounds:IsValid=true, Min=(X=-8790.831 Y=-1330.751 Z=50.000), Max=(X=-8703.485 Y=-1241.848 Z=80.615) RuntimeGrid:None EditorOnly:false RuntimeOnly:false HLODRelevant:true ListedInSceneOutliner:true IsMainWorldOnly:false
 |   |   |- [+] [ 23]
 |   |   |   |- Guid:AAAC6B5742760A58C2206DB37E44683C NativeClass:/Script/Engine.DirectionalLight Name:DirectionalLight_UAID_A85E45CFE40401D200_1470382761 Label:DirectionalLight SpatiallyLoaded:false EditorBounds:IsValid=false, Min=(X=0.000 Y=0.000 Z=0.000), Max=(X=0.000 Y=0.000 Z=0.000) RuntimeBounds:IsValid=false, Min=(X=0.000 Y=0.000 Z=0.000), Max=(X=0.000 Y=0.000 Z=0.000) RuntimeGrid:None EditorOnly:false RuntimeOnly:false HLODRelevant:false ListedInSceneOutliner:true IsMainWorldOnly:true FolderPath:Lighting FolderGuid:B7E9BD5B45A652654791988DEF54CCEB
 |   |   |- [+] [ 24]
 |   |   |   |- Guid:AD80B85A4B64B001830D27BD8F91B7A5 NativeClass:/Script/Engine.StaticMeshActor Name:StaticMeshActor_UAID_1062E5E5B05A315402_1435377832 Label:SM_Combined118 SpatiallyLoaded:true EditorBounds:IsValid=true, Min=(X=-8714.959 Y=-1655.115 Z=50.000), Max=(X=-8605.042 Y=-1486.450 Z=103.156) RuntimeBounds:IsValid=true, Min=(X=-8714.959 Y=-1655.115 Z=50.000), Max=(X=-8605.042 Y=-1486.450 Z=103.156) RuntimeGrid:None EditorOnly:false RuntimeOnly:false HLODRelevant:true ListedInSceneOutliner:true IsMainWorldOnly:false
 |   |   |- [+] [ 25]
 |   |   |   |- Guid:C118AA51454B30DB54934C9E0BBE34CF NativeClass:/Script/Engine.StaticMeshActor Name:StaticMeshActor_UAID_1062E5E5B05AE85802_1697316255 Label:SM_Combined_2954ED39 SpatiallyLoaded:true EditorBounds:IsValid=true, Min=(X=-8886.894 Y=877.555 Z=129.944), Max=(X=-8773.106 Y=922.445 Z=170.056) RuntimeBounds:IsValid=true, Min=(X=-8886.894 Y=877.555 Z=129.944), Max=(X=-8773.106 Y=922.445 Z=170.056) RuntimeGrid:None EditorOnly:false RuntimeOnly:false HLODRelevant:true ListedInSceneOutliner:true IsMainWorldOnly:false
 |   |   |- [+] [ 26]
 |   |   |   |- Guid:D3FB7383421AAEFD3DB6F8B1E415A9FE NativeClass:/Script/Engine.ExponentialHeightFog Name:ExponentialHeightFog_UAID_A85E45CFE40401D200_1470382763 Label:ExponentialHeightFog SpatiallyLoaded:false EditorBounds:IsValid=true, Min=(X=-16209.913 Y=-178.000 Z=-6978.000), Max=(X=-15953.913 Y=78.000 Z=-6722.000) RuntimeBounds:IsValid=true, Min=(X=-16081.913 Y=-50.000 Z=-6850.000), Max=(X=-16081.913 Y=-50.000 Z=-6850.000) RuntimeGrid:None EditorOnly:false RuntimeOnly:false HLODRelevant:false ListedInSceneOutliner:true IsMainWorldOnly:false FolderPath:Lighting FolderGuid:B7E9BD5B45A652654791988DEF54CCEB
 |   |   |- [+] [ 27]
 |   |   |   |- Guid:FB22D6954B5BBEFD6661749F17366F19 NativeClass:/Script/Engine.StaticMeshActor Name:StaticMeshActor_UAID_1062E5E5B05A315402_1384475828 Label:SM_Combined114 SpatiallyLoaded:true EditorBounds:IsValid=true, Min=(X=-8942.897 Y=-1507.020 Z=50.000), Max=(X=-8774.280 Y=-1415.008 Z=175.197) RuntimeBounds:IsValid=true, Min=(X=-8942.897 Y=-1507.020 Z=50.000), Max=(X=-8774.280 Y=-1415.008 Z=175.197) RuntimeGrid:None EditorOnly:false RuntimeOnly:false HLODRelevant:true ListedInSceneOutliner:true IsMainWorldOnly:false
 |   |   |- [+] [ 28]
 |   |   |   |- Guid:FF3FE31D4DC5513A3D9DD395F65BF36E NativeClass:/Script/Engine.StaticMeshActor Name:StaticMeshActor_UAID_1062E5E5B05A315402_1406592830 Label:SM_Combined116 SpatiallyLoaded:true EditorBounds:IsValid=true, Min=(X=-8727.281 Y=-1162.430 Z=50.000), Max=(X=-8682.391 Y=-1048.642 Z=90.112) RuntimeBounds:IsValid=true, Min=(X=-8727.281 Y=-1162.430 Z=50.000), Max=(X=-8682.391 Y=-1048.642 Z=90.112) RuntimeGrid:None EditorOnly:false RuntimeOnly:false HLODRelevant:true ListedInSceneOutliner:true IsMainWorldOnly:false
 |- ContainerInstances:
 |- [+] MainContainer:
 |   |-        ID: 00000000000000000000000000000000
 |   |-  ParentID: 00000000000000000000000000000000
 |   |-    Bounds: IsValid=false, Min=(X=0.000 Y=0.000 Z=0.000), Max=(X=0.000 Y=0.000 Z=0.000)
 |   |- Transform: 0.000000,0.000000,0.000000|0.000000,0.000000,-0.000000|1.000000,1.000000,1.000000
 |   |- Container: /Game/LowPolyCity/Maps/LowPolyCity_Map
----------------------------------------------------------------------------------------------------------------
LowPolyCity_Map - Persistent Level
----------------------------------------------------------------------------------------------------------------
[+] Content of LowPolyCity_Map Persistent Level
 |- Always loaded Actor Count: 29 
 |- Actor Path: /Game/LowPolyCity/Maps/LowPolyCity_Map.LowPolyCity_Map:PersistentLevel.DirectionalLight_UAID_A85E45CFE40401D200_1470382761
 |- Actor Package: /Game/__ExternalActors__/LowPolyCity/Maps/LowPolyCity_Map/B/2I/IP9MS4048RO0NDG3MWQ5YX
 |- Actor Path: /Game/LowPolyCity/Maps/LowPolyCity_Map.LowPolyCity_Map:PersistentLevel.ExponentialHeightFog_UAID_A85E45CFE40401D200_1470382763
 |- Actor Package: /Game/__ExternalActors__/LowPolyCity/Maps/LowPolyCity_Map/2/OM/Q6SGCJ3FLL7XPLVFX8BTZY
 |- Actor Path: /Game/LowPolyCity/Maps/LowPolyCity_Map.LowPolyCity_Map:PersistentLevel.Landscape_UAID_A85E45CFE404FBD100_1221515703
 |- Actor Package: /Game/__ExternalActors__/LowPolyCity/Maps/LowPolyCity_Map/5/UG/09WNE5BJR8OEVOX7Y2K8MY
 |- Actor Path: /Game/LowPolyCity/Maps/LowPolyCity_Map.LowPolyCity_Map:PersistentLevel.PostProcessVolume_UAID_1062E5E5B05A8B4F02_1879515391
 |- Actor Package: /Game/__ExternalActors__/LowPolyCity/Maps/LowPolyCity_Map/1/5L/0WOGYLBZKV0VR2J18A2NG5
 |- Actor Path: /Game/LowPolyCity/Maps/LowPolyCity_Map.LowPolyCity_Map:PersistentLevel.SkyAtmosphere_UAID_A85E45CFE40401D200_1470382762
 |- Actor Package: /Game/__ExternalActors__/LowPolyCity/Maps/LowPolyCity_Map/1/BH/5JVTATFMTNRIT8PDYNV0RU
 |- Actor Path: /Game/LowPolyCity/Maps/LowPolyCity_Map.LowPolyCity_Map:PersistentLevel.SkyLight_UAID_A85E45CFE40401D200_1470380759
 |- Actor Package: /Game/__ExternalActors__/LowPolyCity/Maps/LowPolyCity_Map/B/PD/DYYIU16S4LGWH25XNHRUY9
 |- Actor Path: /Game/LowPolyCity/Maps/LowPolyCity_Map.LowPolyCity_Map:PersistentLevel.StaticMeshActor_UAID_1062E5E5B05A315402_1331870826
 |- Actor Package: /Game/__ExternalActors__/LowPolyCity/Maps/LowPolyCity_Map/6/0V/A10X22QXZEMHCXISDHV7QG
 |- Actor Path: /Game/LowPolyCity/Maps/LowPolyCity_Map.LowPolyCity_Map:PersistentLevel.StaticMeshActor_UAID_1062E5E5B05A315402_1370472827
 |- Actor Package: /Game/__ExternalActors__/LowPolyCity/Maps/LowPolyCity_Map/3/25/689FPY24377WBDHT7PTYNX
 |- Actor Path: /Game/LowPolyCity/Maps/LowPolyCity_Map.LowPolyCity_Map:PersistentLevel.StaticMeshActor_UAID_1062E5E5B05A315402_1384475828
 |- Actor Package: /Game/__ExternalActors__/LowPolyCity/Maps/LowPolyCity_Map/4/8R/JNUZWXUVO1V5I7SLSRD42I
 |- Actor Path: /Game/LowPolyCity/Maps/LowPolyCity_Map.LowPolyCity_Map:PersistentLevel.StaticMeshActor_UAID_1062E5E5B05A315402_1406592830
 |- Actor Package: /Game/__ExternalActors__/LowPolyCity/Maps/LowPolyCity_Map/0/E7/25ORLZRYS3KTLUDZYA7SHC
 |- Actor Path: /Game/LowPolyCity/Maps/LowPolyCity_Map.LowPolyCity_Map:PersistentLevel.StaticMeshActor_UAID_1062E5E5B05A315402_1435377832
 |- Actor Package: /Game/__ExternalActors__/LowPolyCity/Maps/LowPolyCity_Map/E/1J/9VH702MZ4IME9NT30LEKBK
 |- Actor Path: /Game/LowPolyCity/Maps/LowPolyCity_Map.LowPolyCity_Map:PersistentLevel.StaticMeshActor_UAID_1062E5E5B05A4B5402_1538634475
 |- Actor Package: /Game/__ExternalActors__/LowPolyCity/Maps/LowPolyCity_Map/9/FU/1C1W8KUFR9ZY57IYISTX3B
 |- Actor Path: /Game/LowPolyCity/Maps/LowPolyCity_Map.LowPolyCity_Map:PersistentLevel.StaticMeshActor_UAID_1062E5E5B05A4E5402_2107789009
 |- Actor Package: /Game/__ExternalActors__/LowPolyCity/Maps/LowPolyCity_Map/D/7E/7PY2ULZ5EOOTTT7Y5MYS6L
 |- Actor Path: /Game/LowPolyCity/Maps/LowPolyCity_Map.LowPolyCity_Map:PersistentLevel.StaticMeshActor_UAID_1062E5E5B05A6D5402_1885543383
 |- Actor Package: /Game/__ExternalActors__/LowPolyCity/Maps/LowPolyCity_Map/0/OC/ERXVD2JBPVWSCEVTBSGNZ6
 |- Actor Path: /Game/LowPolyCity/Maps/LowPolyCity_Map.LowPolyCity_Map:PersistentLevel.StaticMeshActor_UAID_1062E5E5B05A6E5402_1237474560
 |- Actor Package: /Game/__ExternalActors__/LowPolyCity/Maps/LowPolyCity_Map/3/XE/S2AGTI9GYUZ7MTRN20JZ51
 |- Actor Path: /Game/LowPolyCity/Maps/LowPolyCity_Map.LowPolyCity_Map:PersistentLevel.StaticMeshActor_UAID_1062E5E5B05A745402_1941440617
 |- Actor Package: /Game/__ExternalActors__/LowPolyCity/Maps/LowPolyCity_Map/7/DU/JSYOX68QU27P6QAVCSEMJE
 |- Actor Path: /Game/LowPolyCity/Maps/LowPolyCity_Map.LowPolyCity_Map:PersistentLevel.StaticMeshActor_UAID_1062E5E5B05A745402_1984454622
 |- Actor Package: /Game/__ExternalActors__/LowPolyCity/Maps/LowPolyCity_Map/C/PZ/YCOBJS2LMXH8SPL40OASZ2
 |- Actor Path: /Game/LowPolyCity/Maps/LowPolyCity_Map.LowPolyCity_Map:PersistentLevel.StaticMeshActor_UAID_1062E5E5B05AE85802_1697316255
 |- Actor Package: /Game/__ExternalActors__/LowPolyCity/Maps/LowPolyCity_Map/2/VK/YPN8C3SA793FN6OS88PQ75
 |- Actor Path: /Game/LowPolyCity/Maps/LowPolyCity_Map.LowPolyCity_Map:PersistentLevel.StaticMeshActor_UAID_1062E5E5B05AE85802_1697326256
 |- Actor Package: /Game/__ExternalActors__/LowPolyCity/Maps/LowPolyCity_Map/E/Y3/YC4Y1XHGT77V5CNPLNJKS9
 |- Actor Path: /Game/LowPolyCity/Maps/LowPolyCity_Map.LowPolyCity_Map:PersistentLevel.StaticMeshActor_UAID_1062E5E5B05AE85802_1697332257
 |- Actor Package: /Game/__ExternalActors__/LowPolyCity/Maps/LowPolyCity_Map/7/BT/86FYERS4UNZPWXF5PY5GAJ
 |- Actor Path: /Game/LowPolyCity/Maps/LowPolyCity_Map.LowPolyCity_Map:PersistentLevel.StaticMeshActor_UAID_1062E5E5B05AE85802_1697336258
 |- Actor Package: /Game/__ExternalActors__/LowPolyCity/Maps/LowPolyCity_Map/D/BX/EEN3LT2F4SET6MWJV481RY
 |- Actor Path: /Game/LowPolyCity/Maps/LowPolyCity_Map.LowPolyCity_Map:PersistentLevel.StaticMeshActor_UAID_1062E5E5B05AE85802_1697342259
 |- Actor Package: /Game/__ExternalActors__/LowPolyCity/Maps/LowPolyCity_Map/7/EC/ZYYGFQ4C4U7PMXS3LLKZX3
 |- Actor Path: /Game/LowPolyCity/Maps/LowPolyCity_Map.LowPolyCity_Map:PersistentLevel.StaticMeshActor_UAID_1062E5E5B05AE85802_1697346260
 |- Actor Package: /Game/__ExternalActors__/LowPolyCity/Maps/LowPolyCity_Map/A/8A/D9H5Z1AUOKTCFFWSHRUS5V
 |- Actor Path: /Game/LowPolyCity/Maps/LowPolyCity_Map.LowPolyCity_Map:PersistentLevel.StaticMeshActor_UAID_1062E5E5B05AE85802_1697350261
 |- Actor Package: /Game/__ExternalActors__/LowPolyCity/Maps/LowPolyCity_Map/E/T7/002NXXLM8UFZ140AB5GAVP
 |- Actor Path: /Game/LowPolyCity/Maps/LowPolyCity_Map.LowPolyCity_Map:PersistentLevel.StaticMeshActor_UAID_1062E5E5B05AF24E02_1387274007
 |- Actor Package: /Game/__ExternalActors__/LowPolyCity/Maps/LowPolyCity_Map/B/EM/OH0CQ366TWX7ZQSYQETW0V
 |- Actor Path: /Game/LowPolyCity/Maps/LowPolyCity_Map.LowPolyCity_Map:PersistentLevel.StaticMeshActor_UAID_1062E5E5B05AF24E02_1441550799
 |- Actor Package: /Game/__ExternalActors__/LowPolyCity/Maps/LowPolyCity_Map/1/PS/9W58EWY3RLL6FJQTG7WW3R
 |- Actor Path: /Game/LowPolyCity/Maps/LowPolyCity_Map.LowPolyCity_Map:PersistentLevel.StaticMeshActor_UAID_1062E5E5B05AF24E02_1444665074
 |- Actor Package: /Game/__ExternalActors__/LowPolyCity/Maps/LowPolyCity_Map/7/HU/BFP656HNSAEB6MSOPBITQ2
 |- Actor Path: /Game/LowPolyCity/Maps/LowPolyCity_Map.LowPolyCity_Map:PersistentLevel.VolumetricCloud_UAID_A85E45CFE40401D200_1470381760
 |- Actor Package: /Game/__ExternalActors__/LowPolyCity/Maps/LowPolyCity_Map/2/1Q/QLCKNI8WWMXQO8QTD61Y9W
 |- Actor Path: /Game/LowPolyCity/Maps/LowPolyCity_Map.LowPolyCity_Map:PersistentLevel.WorldDataLayers
 |- Actor Package: /Game/__ExternalActors__/LowPolyCity/Maps/LowPolyCity_Map/C/0P/PLYA7WM9F80P8LY12EUGEI

----------------------------------------------------------------------------------------------------------------
LowPolyCity_Map - Runtime Hash Set
----------------------------------------------------------------------------------------------------------------

